0 info it worked if it ends with ok
1 verbose cli [ '/usr/local/bin/node',
1 verbose cli   '/usr/local/bin/npm',
1 verbose cli   'install',
1 verbose cli   'intervention/image' ]
2 info using npm@4.1.2
3 info using node@v6.9.1
4 silly loadCurrentTree Starting
5 silly install loadCurrentTree
6 silly install readLocalPackageData
7 silly fetchPackageMetaData intervention/image
8 silly fetchOtherPackageData intervention/image
9 silly cache add args [ 'intervention/image', null ]
10 verbose cache add spec intervention/image
11 silly cache add parsed spec Result {
11 silly cache add   raw: 'intervention/image',
11 silly cache add   scope: null,
11 silly cache add   escapedName: null,
11 silly cache add   name: null,
11 silly cache add   rawSpec: 'intervention/image',
11 silly cache add   spec: 'github:intervention/image',
11 silly cache add   type: 'hosted',
11 silly cache add   hosted:
11 silly cache add    { type: 'github',
11 silly cache add      ssh: 'git@github.com:intervention/image.git',
11 silly cache add      sshUrl: 'git+ssh://git@github.com/intervention/image.git',
11 silly cache add      httpsUrl: 'git+https://github.com/intervention/image.git',
11 silly cache add      gitUrl: 'git://github.com/intervention/image.git',
11 silly cache add      shortcut: 'github:intervention/image',
11 silly cache add      directUrl: 'https://raw.githubusercontent.com/intervention/image/master/package.json' } }
12 verbose addRemoteGit caching intervention/image
13 verbose addRemoteGit intervention/image is a repository hosted by github
14 silly tryGitProto attempting to clone git://github.com/intervention/image.git
15 silly tryClone cloning intervention/image via git://github.com/intervention/image.git
16 verbose tryClone git-github-com-intervention-image-git-cef3fe28 not in flight; caching
17 verbose correctMkdir /Users/home/.npm/_git-remotes correctMkdir not in flight; initializing
18 info git [ 'clone',
18 info git   '--template=/Users/home/.npm/_git-remotes/_templates',
18 info git   '--mirror',
18 info git   'git://github.com/intervention/image.git',
18 info git   '/Users/home/.npm/_git-remotes/git-github-com-intervention-image-git-cef3fe28' ]
19 verbose mirrorRemote intervention/image git clone git://github.com/intervention/image.git
20 verbose correctMkdir /Users/home/.npm/_git-remotes correctMkdir not in flight; initializing
21 verbose setPermissions intervention/image set permissions on /Users/home/.npm/_git-remotes/git-github-com-intervention-image-git-cef3fe28
22 verbose resolveHead intervention/image original treeish: master
23 info git [ 'rev-list', '-n1', 'master' ]
24 silly resolveHead intervention/image resolved treeish: c9a162592dda7ae4ad3b49305da41e82155f9b9a
25 verbose resolveHead intervention/image resolved Git URL: git://github.com/intervention/image.git#c9a162592dda7ae4ad3b49305da41e82155f9b9a
26 silly resolveHead Git working directory: /var/folders/nj/d93l503n43zfchps9ftsylvr0000gn/T/npm-48176-dfb6c0ff/git-cache-cedca211/c9a162592dda7ae4ad3b49305da41e82155f9b9a
27 info git [ 'clone',
27 info git   '/Users/home/.npm/_git-remotes/git-github-com-intervention-image-git-cef3fe28',
27 info git   '/var/folders/nj/d93l503n43zfchps9ftsylvr0000gn/T/npm-48176-dfb6c0ff/git-cache-cedca211/c9a162592dda7ae4ad3b49305da41e82155f9b9a' ]
28 verbose cloneResolved intervention/image clone Cloning into '/var/folders/nj/d93l503n43zfchps9ftsylvr0000gn/T/npm-48176-dfb6c0ff/git-cache-cedca211/c9a162592dda7ae4ad3b49305da41e82155f9b9a'...
28 verbose cloneResolved done.
29 info git [ 'checkout', 'c9a162592dda7ae4ad3b49305da41e82155f9b9a' ]
30 verbose checkoutTreeish intervention/image checkout Note: checking out 'c9a162592dda7ae4ad3b49305da41e82155f9b9a'.
30 verbose checkoutTreeish
30 verbose checkoutTreeish You are in 'detached HEAD' state. You can look around, make experimental
30 verbose checkoutTreeish changes and commit them, and you can discard any commits you make in this
30 verbose checkoutTreeish state without impacting any branches by performing another checkout.
30 verbose checkoutTreeish
30 verbose checkoutTreeish If you want to create a new branch to retain commits you create, you may
30 verbose checkoutTreeish do so (now or later) by using -b with the checkout command again. Example:
30 verbose checkoutTreeish
30 verbose checkoutTreeish   git checkout -b <new-branch-name>
30 verbose checkoutTreeish
30 verbose checkoutTreeish HEAD is now at c9a1625... changed check on initFromPath error in GD decoder
31 info git [ 'submodule', '-q', 'update', '--init', '--recursive' ]
32 verbose updateSubmodules intervention/image submodule update
33 error addLocal Could not install /var/folders/nj/d93l503n43zfchps9ftsylvr0000gn/T/npm-48176-dfb6c0ff/git-cache-cedca211/c9a162592dda7ae4ad3b49305da41e82155f9b9a
34 silly tryHTTPS attempting to clone git+https://github.com/intervention/image.git
35 silly tryClone cloning intervention/image via git+https://github.com/intervention/image.git
36 verbose tryClone git-https-github-com-intervention-image-git-1f1a682d not in flight; caching
37 verbose correctMkdir /Users/home/.npm/_git-remotes correctMkdir not in flight; initializing
38 info git [ 'clone',
38 info git   '--template=/Users/home/.npm/_git-remotes/_templates',
38 info git   '--mirror',
38 info git   'https://github.com/intervention/image.git',
38 info git   '/Users/home/.npm/_git-remotes/git-https-github-com-intervention-image-git-1f1a682d' ]
39 verbose mirrorRemote intervention/image git clone https://github.com/intervention/image.git
40 verbose correctMkdir /Users/home/.npm/_git-remotes correctMkdir not in flight; initializing
41 verbose setPermissions intervention/image set permissions on /Users/home/.npm/_git-remotes/git-https-github-com-intervention-image-git-1f1a682d
42 verbose resolveHead intervention/image original treeish: master
43 info git [ 'rev-list', '-n1', 'master' ]
44 silly resolveHead intervention/image resolved treeish: c9a162592dda7ae4ad3b49305da41e82155f9b9a
45 verbose resolveHead intervention/image resolved Git URL: git+https://github.com/intervention/image.git#c9a162592dda7ae4ad3b49305da41e82155f9b9a
46 silly resolveHead Git working directory: /var/folders/nj/d93l503n43zfchps9ftsylvr0000gn/T/npm-48176-dfb6c0ff/git-cache-9d88d36f/c9a162592dda7ae4ad3b49305da41e82155f9b9a
47 info git [ 'clone',
47 info git   '/Users/home/.npm/_git-remotes/git-https-github-com-intervention-image-git-1f1a682d',
47 info git   '/var/folders/nj/d93l503n43zfchps9ftsylvr0000gn/T/npm-48176-dfb6c0ff/git-cache-9d88d36f/c9a162592dda7ae4ad3b49305da41e82155f9b9a' ]
48 verbose cloneResolved intervention/image clone Cloning into '/var/folders/nj/d93l503n43zfchps9ftsylvr0000gn/T/npm-48176-dfb6c0ff/git-cache-9d88d36f/c9a162592dda7ae4ad3b49305da41e82155f9b9a'...
48 verbose cloneResolved done.
49 info git [ 'checkout', 'c9a162592dda7ae4ad3b49305da41e82155f9b9a' ]
50 verbose checkoutTreeish intervention/image checkout Note: checking out 'c9a162592dda7ae4ad3b49305da41e82155f9b9a'.
50 verbose checkoutTreeish
50 verbose checkoutTreeish You are in 'detached HEAD' state. You can look around, make experimental
50 verbose checkoutTreeish changes and commit them, and you can discard any commits you make in this
50 verbose checkoutTreeish state without impacting any branches by performing another checkout.
50 verbose checkoutTreeish
50 verbose checkoutTreeish If you want to create a new branch to retain commits you create, you may
50 verbose checkoutTreeish do so (now or later) by using -b with the checkout command again. Example:
50 verbose checkoutTreeish
50 verbose checkoutTreeish   git checkout -b <new-branch-name>
50 verbose checkoutTreeish
50 verbose checkoutTreeish HEAD is now at c9a1625... changed check on initFromPath error in GD decoder
51 info git [ 'submodule', '-q', 'update', '--init', '--recursive' ]
52 verbose updateSubmodules intervention/image submodule update
53 error addLocal Could not install /var/folders/nj/d93l503n43zfchps9ftsylvr0000gn/T/npm-48176-dfb6c0ff/git-cache-9d88d36f/c9a162592dda7ae4ad3b49305da41e82155f9b9a
54 silly trySSH attempting to clone git@github.com:intervention/image.git
55 silly tryClone cloning intervention/image via git@github.com:intervention/image.git
56 verbose tryClone git-github-com-intervention-image-git-a34eb7d8 not in flight; caching
57 verbose correctMkdir /Users/home/.npm/_git-remotes correctMkdir not in flight; initializing
58 info git [ 'clone',
58 info git   '--template=/Users/home/.npm/_git-remotes/_templates',
58 info git   '--mirror',
58 info git   'git@github.com:intervention/image.git',
58 info git   '/Users/home/.npm/_git-remotes/git-github-com-intervention-image-git-a34eb7d8' ]
59 error git clone --template=/Users/home/.npm/_git-remotes/_templates --mirror git@github.com:intervention/image.git /Users/home/.npm/_git-remotes/git-github-com-intervention-image-git-a34eb7d8: Cloning into bare repository '/Users/home/.npm/_git-remotes/git-github-com-intervention-image-git-a34eb7d8'...
59 error git clone --template=/Users/home/.npm/_git-remotes/_templates --mirror git@github.com:intervention/image.git /Users/home/.npm/_git-remotes/git-github-com-intervention-image-git-a34eb7d8: Permission denied (publickey).
59 error git clone --template=/Users/home/.npm/_git-remotes/_templates --mirror git@github.com:intervention/image.git /Users/home/.npm/_git-remotes/git-github-com-intervention-image-git-a34eb7d8: fatal: Could not read from remote repository.
59 error git clone --template=/Users/home/.npm/_git-remotes/_templates --mirror git@github.com:intervention/image.git /Users/home/.npm/_git-remotes/git-github-com-intervention-image-git-a34eb7d8:
59 error git clone --template=/Users/home/.npm/_git-remotes/_templates --mirror git@github.com:intervention/image.git /Users/home/.npm/_git-remotes/git-github-com-intervention-image-git-a34eb7d8: Please make sure you have the correct access rights
59 error git clone --template=/Users/home/.npm/_git-remotes/_templates --mirror git@github.com:intervention/image.git /Users/home/.npm/_git-remotes/git-github-com-intervention-image-git-a34eb7d8: and the repository exists.
60 silly fetchPackageMetaData Error: Command failed: git clone --template=/Users/home/.npm/_git-remotes/_templates --mirror git@github.com:intervention/image.git /Users/home/.npm/_git-remotes/git-github-com-intervention-image-git-a34eb7d8
60 silly fetchPackageMetaData Cloning into bare repository '/Users/home/.npm/_git-remotes/git-github-com-intervention-image-git-a34eb7d8'...
60 silly fetchPackageMetaData Permission denied (publickey).
60 silly fetchPackageMetaData fatal: Could not read from remote repository.
60 silly fetchPackageMetaData
60 silly fetchPackageMetaData Please make sure you have the correct access rights
60 silly fetchPackageMetaData and the repository exists.
60 silly fetchPackageMetaData
60 silly fetchPackageMetaData     at ChildProcess.exithandler (child_process.js:206:12)
60 silly fetchPackageMetaData     at emitTwo (events.js:106:13)
60 silly fetchPackageMetaData     at ChildProcess.emit (events.js:191:7)
60 silly fetchPackageMetaData     at maybeClose (internal/child_process.js:877:16)
60 silly fetchPackageMetaData     at Socket.<anonymous> (internal/child_process.js:334:11)
60 silly fetchPackageMetaData     at emitOne (events.js:96:13)
60 silly fetchPackageMetaData     at Socket.emit (events.js:188:7)
60 silly fetchPackageMetaData     at Pipe._handle.close [as _onclose] (net.js:498:12)
60 silly fetchPackageMetaData  error for intervention/image { Error: Command failed: git clone --template=/Users/home/.npm/_git-remotes/_templates --mirror git@github.com:intervention/image.git /Users/home/.npm/_git-remotes/git-github-com-intervention-image-git-a34eb7d8
60 silly fetchPackageMetaData Cloning into bare repository '/Users/home/.npm/_git-remotes/git-github-com-intervention-image-git-a34eb7d8'...
60 silly fetchPackageMetaData Permission denied (publickey).
60 silly fetchPackageMetaData fatal: Could not read from remote repository.
60 silly fetchPackageMetaData
60 silly fetchPackageMetaData Please make sure you have the correct access rights
60 silly fetchPackageMetaData and the repository exists.
60 silly fetchPackageMetaData
60 silly fetchPackageMetaData     at ChildProcess.exithandler (child_process.js:206:12)
60 silly fetchPackageMetaData     at emitTwo (events.js:106:13)
60 silly fetchPackageMetaData     at ChildProcess.emit (events.js:191:7)
60 silly fetchPackageMetaData     at maybeClose (internal/child_process.js:877:16)
60 silly fetchPackageMetaData     at Socket.<anonymous> (internal/child_process.js:334:11)
60 silly fetchPackageMetaData     at emitOne (events.js:96:13)
60 silly fetchPackageMetaData     at Socket.emit (events.js:188:7)
60 silly fetchPackageMetaData     at Pipe._handle.close [as _onclose] (net.js:498:12)
60 silly fetchPackageMetaData   killed: false,
60 silly fetchPackageMetaData   code: 128,
60 silly fetchPackageMetaData   signal: null,
60 silly fetchPackageMetaData   cmd: 'git clone --template=/Users/home/.npm/_git-remotes/_templates --mirror git@github.com:intervention/image.git /Users/home/.npm/_git-remotes/git-github-com-intervention-image-git-a34eb7d8' }
61 silly rollbackFailedOptional Starting
62 silly rollbackFailedOptional Finishing
63 silly runTopLevelLifecycles Finishing
64 silly install printInstalled
65 verbose stack Error: Command failed: git clone --template=/Users/home/.npm/_git-remotes/_templates --mirror git@github.com:intervention/image.git /Users/home/.npm/_git-remotes/git-github-com-intervention-image-git-a34eb7d8
65 verbose stack Cloning into bare repository '/Users/home/.npm/_git-remotes/git-github-com-intervention-image-git-a34eb7d8'...
65 verbose stack Permission denied (publickey).
65 verbose stack fatal: Could not read from remote repository.
65 verbose stack
65 verbose stack Please make sure you have the correct access rights
65 verbose stack and the repository exists.
65 verbose stack
65 verbose stack     at ChildProcess.exithandler (child_process.js:206:12)
65 verbose stack     at emitTwo (events.js:106:13)
65 verbose stack     at ChildProcess.emit (events.js:191:7)
65 verbose stack     at maybeClose (internal/child_process.js:877:16)
65 verbose stack     at Socket.<anonymous> (internal/child_process.js:334:11)
65 verbose stack     at emitOne (events.js:96:13)
65 verbose stack     at Socket.emit (events.js:188:7)
65 verbose stack     at Pipe._handle.close [as _onclose] (net.js:498:12)
66 verbose cwd /Users/home/Documents/www/laravel/commprop
67 error Darwin 15.0.0
68 error argv "/usr/local/bin/node" "/usr/local/bin/npm" "install" "intervention/image"
69 error node v6.9.1
70 error npm  v4.1.2
71 error code 128
72 error Command failed: git clone --template=/Users/home/.npm/_git-remotes/_templates --mirror git@github.com:intervention/image.git /Users/home/.npm/_git-remotes/git-github-com-intervention-image-git-a34eb7d8
72 error Cloning into bare repository '/Users/home/.npm/_git-remotes/git-github-com-intervention-image-git-a34eb7d8'...
72 error Permission denied (publickey).
72 error fatal: Could not read from remote repository.
72 error
72 error Please make sure you have the correct access rights
72 error and the repository exists.
73 error If you need help, you may report this error at:
73 error     <https://github.com/npm/npm/issues>
74 verbose exit [ 1, true ]
